<?xml version="1.0" encoding="UTF-8"?>
<testsuite xmlns:xsi="http://www.w3.org/2001/XMLSchema-instance" xsi:schemaLocation="https://maven.apache.org/surefire/maven-surefire-plugin/xsd/surefire-test-report.xsd" name="TestSuite" time="116.324" tests="2" errors="0" skipped="0" failures="0">
  <properties>
[...]
</properties>
  <testcase name="AddOwner" classname="com.owner.FindOwnerTest" time="40.399"/>
  <testcase name="SearchOwner" classname="com.owner.FindOwnerTest" time="19.41"/>
</testsuite>